2026-06-05 16:26:26.701 Uvicorn server started on 0.0.0.0:8501

  You can now view your Streamlit app in your browser.

  Local URL: http://localhost:8501
  Network URL: http://10.0.12.88:8501
  External URL: http://135.237.130.228:8501

Invalid HTTP request received.
Invalid HTTP request received.
Invalid HTTP request received.
Invalid HTTP request received.
Invalid HTTP request received.
Invalid HTTP request received.
Invalid HTTP request received.
Invalid HTTP request received.
Invalid HTTP request received.
Invalid HTTP request received.
Invalid HTTP request received.
Invalid HTTP request received.
Invalid HTTP request received.
Invalid HTTP request received.
Invalid HTTP request received.
Invalid HTTP request received.
Invalid HTTP request received.
Invalid HTTP request received.
Invalid HTTP request received.
Invalid HTTP request received.
Invalid HTTP request received.
Invalid HTTP request received.
Invalid HTTP request received.
Invalid HTTP request received.
Invalid HTTP request received.
Invalid HTTP request received.
Invalid HTTP request received.
Invalid HTTP request received.
